04/30/2020 09:23:25 - WARNING - __main__ -   Process rank: 0, device: cuda:0, n_gpu: 1, distributed training: True, 16-bits training: False
04/30/2020 09:23:25 - INFO - transformers.configuration_utils -   loading configuration file ./boolq_save/config.json
04/30/2020 09:23:25 - INFO - transformers.configuration_utils -   Model config BertConfig {
  "_num_labels": 3,
  "architectures": [
    "BertForSequenceClassification"
  ],
  "attention_probs_dropout_prob": 0.1,
  "bad_words_ids": null,
  "bos_token_id": null,
  "decoder_start_token_id": null,
  "do_sample": false,
  "early_stopping": false,
  "eos_token_id": null,
  "finetuning_task": "mnli",
  "hidden_act": "gelu",
  "hidden_dropout_prob": 0.1,
  "hidden_size": 768,
  "id2label": {
    "0": "LABEL_0",
    "1": "LABEL_1",
    "2": "LABEL_2"
  },
  "initializer_range": 0.02,
  "intermediate_size": 3072,
  "is_decoder": false,
  "is_encoder_decoder": false,
  "label2id": {
    "LABEL_0": 0,
    "LABEL_1": 1,
    "LABEL_2": 2
  },
  "layer_norm_eps": 1e-12,
  "length_penalty": 1.0,
  "max_length": 20,
  "max_position_embeddings": 512,
  "min_length": 0,
  "model_type": "bert",
  "no_repeat_ngram_size": 0,
  "num_attention_heads": 12,
  "num_beams": 1,
  "num_hidden_layers": 12,
  "num_return_sequences": 1,
  "output_attentions": false,
  "output_hidden_states": false,
  "pad_token_id": 0,
  "prefix": null,
  "pruned_heads": {},
  "repetition_penalty": 1.0,
  "task_specific_params": null,
  "temperature": 1.0,
  "top_k": 50,
  "top_p": 1.0,
  "torchscript": false,
  "type_vocab_size": 2,
  "use_bfloat16": false,
  "use_cache": true,
  "vocab_size": 30522,
  "xla_device": null
}

04/30/2020 09:23:25 - INFO - transformers.configuration_utils -   loading configuration file ./boolq_save/config.json
04/30/2020 09:23:25 - INFO - transformers.configuration_utils -   Model config BertConfig {
  "_num_labels": 3,
  "architectures": [
    "BertForSequenceClassification"
  ],
  "attention_probs_dropout_prob": 0.1,
  "bad_words_ids": null,
  "bos_token_id": null,
  "decoder_start_token_id": null,
  "do_sample": false,
  "early_stopping": false,
  "eos_token_id": null,
  "finetuning_task": "mnli",
  "hidden_act": "gelu",
  "hidden_dropout_prob": 0.1,
  "hidden_size": 768,
  "id2label": {
    "0": "LABEL_0",
    "1": "LABEL_1",
    "2": "LABEL_2"
  },
  "initializer_range": 0.02,
  "intermediate_size": 3072,
  "is_decoder": false,
  "is_encoder_decoder": false,
  "label2id": {
    "LABEL_0": 0,
    "LABEL_1": 1,
    "LABEL_2": 2
  },
  "layer_norm_eps": 1e-12,
  "length_penalty": 1.0,
  "max_length": 20,
  "max_position_embeddings": 512,
  "min_length": 0,
  "model_type": "bert",
  "no_repeat_ngram_size": 0,
  "num_attention_heads": 12,
  "num_beams": 1,
  "num_hidden_layers": 12,
  "num_return_sequences": 1,
  "output_attentions": false,
  "output_hidden_states": false,
  "pad_token_id": 0,
  "prefix": null,
  "pruned_heads": {},
  "repetition_penalty": 1.0,
  "task_specific_params": null,
  "temperature": 1.0,
  "top_k": 50,
  "top_p": 1.0,
  "torchscript": false,
  "type_vocab_size": 2,
  "use_bfloat16": false,
  "use_cache": true,
  "vocab_size": 30522,
  "xla_device": null
}

04/30/2020 09:23:25 - INFO - transformers.tokenization_utils -   Model name './boolq_save' not found in model shortcut name list (bert-base-uncased, bert-large-uncased, bert-base-cased, bert-large-cased, bert-base-multilingual-uncased, bert-base-multilingual-cased, bert-base-chinese, bert-base-german-cased, bert-large-uncased-whole-word-masking, bert-large-cased-whole-word-masking, bert-large-uncased-whole-word-masking-finetuned-squad, bert-large-cased-whole-word-masking-finetuned-squad, bert-base-cased-finetuned-mrpc, bert-base-german-dbmdz-cased, bert-base-german-dbmdz-uncased, bert-base-finnish-cased-v1, bert-base-finnish-uncased-v1, bert-base-dutch-cased). Assuming './boolq_save' is a path, a model identifier, or url to a directory containing tokenizer files.
04/30/2020 09:23:25 - INFO - transformers.tokenization_utils -   Didn't find file ./boolq_save/added_tokens.json. We won't load it.
04/30/2020 09:23:25 - INFO - transformers.tokenization_utils -   loading file ./boolq_save/vocab.txt
04/30/2020 09:23:25 - INFO - transformers.tokenization_utils -   loading file None
04/30/2020 09:23:25 - INFO - transformers.tokenization_utils -   loading file ./boolq_save/special_tokens_map.json
04/30/2020 09:23:25 - INFO - transformers.tokenization_utils -   loading file ./boolq_save/tokenizer_config.json
04/30/2020 09:23:25 - INFO - transformers.modeling_utils -   loading weights file ./boolq_save/pytorch_model.bin
04/30/2020 09:23:33 - INFO - __main__ -   Training/evaluation parameters Namespace(adam_epsilon=1e-08, cache_dir=None, config_name=None, data_dir='../../../hans/', device=device(type='cuda', index=0), do_eval=False, do_train=False, eval_all_checkpoints=False, evaluate_during_training=False, fp16=False, fp16_opt_level='O1', gradient_accumulation_steps=1, learning_rate=5e-05, local_rank=0, logging_steps=500, max_grad_norm=1.0, max_seq_length=128, max_steps=-1, model_name_or_path='./boolq_save', model_type='bert', n_gpu=1, no_cuda=False, num_train_epochs=3.0, output_dir='./boolq_save', output_mode='classification', overwrite_cache=False, overwrite_output_dir=True, per_gpu_eval_batch_size=8, per_gpu_train_batch_size=8, save_steps=500, save_total_limit=None, seed=42, task_name='mnli', tokenizer_name=None, warmup_steps=0, weight_decay=0.0)
