05/28/2020 16:14:09 - WARNING - __main__ -   Process rank: -1, device: cuda, n_gpu: 1, distributed training: False, 16-bits training: False
05/28/2020 16:14:09 - INFO - transformers.configuration_utils -   loading configuration file ./boolq_save/config.json
05/28/2020 16:14:09 - INFO - transformers.configuration_utils -   Model config BertConfig {
  "_num_labels": 3,
  "architectures": [
    "BertForSequenceClassification"
  ],
  "attention_probs_dropout_prob": 0.1,
  "bad_words_ids": null,
  "bos_token_id": null,
  "decoder_start_token_id": null,
  "do_sample": false,
  "early_stopping": false,
  "eos_token_id": null,
  "finetuning_task": "hans",
  "hidden_act": "gelu",
  "hidden_dropout_prob": 0.1,
  "hidden_size": 768,
  "id2label": {
    "0": "LABEL_0",
    "1": "LABEL_1",
    "2": "LABEL_2"
  },
  "initializer_range": 0.02,
  "intermediate_size": 3072,
  "is_decoder": false,
  "is_encoder_decoder": false,
  "label2id": {
    "LABEL_0": 0,
    "LABEL_1": 1,
    "LABEL_2": 2
  },
  "layer_norm_eps": 1e-12,
  "length_penalty": 1.0,
  "max_length": 20,
  "max_position_embeddings": 512,
  "min_length": 0,
  "model_type": "bert",
  "no_repeat_ngram_size": 0,
  "num_attention_heads": 12,
  "num_beams": 1,
  "num_hidden_layers": 12,
  "num_return_sequences": 1,
  "output_attentions": false,
  "output_hidden_states": false,
  "pad_token_id": 0,
  "prefix": null,
  "pruned_heads": {},
  "repetition_penalty": 1.0,
  "task_specific_params": null,
  "temperature": 1.0,
  "top_k": 50,
  "top_p": 1.0,
  "torchscript": false,
  "type_vocab_size": 2,
  "use_bfloat16": false,
  "use_cache": true,
  "vocab_size": 30522,
  "xla_device": null
}

05/28/2020 16:14:09 - INFO - transformers.tokenization_utils -   Model name './boolq_save' not found in model shortcut name list (bert-base-uncased, bert-large-uncased, bert-base-cased, bert-large-cased, bert-base-multilingual-uncased, bert-base-multilingual-cased, bert-base-chinese, bert-base-german-cased, bert-large-uncased-whole-word-masking, bert-large-cased-whole-word-masking, bert-large-uncased-whole-word-masking-finetuned-squad, bert-large-cased-whole-word-masking-finetuned-squad, bert-base-cased-finetuned-mrpc, bert-base-german-dbmdz-cased, bert-base-german-dbmdz-uncased, bert-base-finnish-cased-v1, bert-base-finnish-uncased-v1, bert-base-dutch-cased). Assuming './boolq_save' is a path, a model identifier, or url to a directory containing tokenizer files.
05/28/2020 16:14:09 - INFO - transformers.tokenization_utils -   Didn't find file ./boolq_save/added_tokens.json. We won't load it.
05/28/2020 16:14:09 - INFO - transformers.tokenization_utils -   loading file ./boolq_save/vocab.txt
05/28/2020 16:14:09 - INFO - transformers.tokenization_utils -   loading file None
05/28/2020 16:14:09 - INFO - transformers.tokenization_utils -   loading file ./boolq_save/special_tokens_map.json
05/28/2020 16:14:09 - INFO - transformers.tokenization_utils -   loading file ./boolq_save/tokenizer_config.json
05/28/2020 16:14:10 - INFO - transformers.modeling_utils -   loading weights file ./boolq_save/pytorch_model.bin
05/28/2020 16:14:18 - INFO - __main__ -   Training/evaluation parameters Namespace(adam_epsilon=1e-08, cache_dir='', config_name='', data_dir='../../../hans', device=device(type='cuda'), do_eval=True, do_lower_case=False, do_train=False, eval_all_checkpoints=True, evaluate_during_training=False, fp16=False, fp16_opt_level='O1', gradient_accumulation_steps=1, learning_rate=5e-05, local_rank=-1, logging_steps=50, max_grad_norm=1.0, max_seq_length=128, max_steps=-1, model_name_or_path='./boolq_save', model_type='bert', n_gpu=1, no_cuda=False, num_train_epochs=3.0, output_dir='./boolq_save', output_mode='classification', overwrite_cache=False, overwrite_output_dir=False, per_gpu_eval_batch_size=8, per_gpu_train_batch_size=8, save_steps=50, seed=42, server_ip='', server_port='', task_name='hans', tokenizer_name='', warmup_steps=0, weight_decay=0.0)
05/28/2020 16:14:18 - INFO - transformers.tokenization_utils -   Model name './boolq_save' not found in model shortcut name list (bert-base-uncased, bert-large-uncased, bert-base-cased, bert-large-cased, bert-base-multilingual-uncased, bert-base-multilingual-cased, bert-base-chinese, bert-base-german-cased, bert-large-uncased-whole-word-masking, bert-large-cased-whole-word-masking, bert-large-uncased-whole-word-masking-finetuned-squad, bert-large-cased-whole-word-masking-finetuned-squad, bert-base-cased-finetuned-mrpc, bert-base-german-dbmdz-cased, bert-base-german-dbmdz-uncased, bert-base-finnish-cased-v1, bert-base-finnish-uncased-v1, bert-base-dutch-cased). Assuming './boolq_save' is a path, a model identifier, or url to a directory containing tokenizer files.
05/28/2020 16:14:18 - INFO - transformers.tokenization_utils -   Didn't find file ./boolq_save/added_tokens.json. We won't load it.
05/28/2020 16:14:18 - INFO - transformers.tokenization_utils -   loading file ./boolq_save/vocab.txt
05/28/2020 16:14:18 - INFO - transformers.tokenization_utils -   loading file None
05/28/2020 16:14:18 - INFO - transformers.tokenization_utils -   loading file ./boolq_save/special_tokens_map.json
05/28/2020 16:14:18 - INFO - transformers.tokenization_utils -   loading file ./boolq_save/tokenizer_config.json
05/28/2020 16:14:18 - INFO - __main__ -   Evaluate the following checkpoints: ['./boolq_save/checkpoint-1000', './boolq_save/checkpoint-1500', './boolq_save/checkpoint-2000', './boolq_save/checkpoint-2500', './boolq_save/checkpoint-3000', './boolq_save/checkpoint-3500', './boolq_save/checkpoint-500', './boolq_save']
05/28/2020 16:14:18 - INFO - transformers.configuration_utils -   loading configuration file ./boolq_save/checkpoint-1000/config.json
05/28/2020 16:14:18 - INFO - transformers.configuration_utils -   Model config BertConfig {
  "_num_labels": 3,
  "architectures": [
    "BertForSequenceClassification"
  ],
  "attention_probs_dropout_prob": 0.1,
  "bad_words_ids": null,
  "bos_token_id": null,
  "decoder_start_token_id": null,
  "do_sample": false,
  "early_stopping": false,
  "eos_token_id": null,
  "finetuning_task": "mnli",
  "hidden_act": "gelu",
  "hidden_dropout_prob": 0.1,
  "hidden_size": 768,
  "id2label": {
    "0": "LABEL_0",
    "1": "LABEL_1",
    "2": "LABEL_2"
  },
  "initializer_range": 0.02,
  "intermediate_size": 3072,
  "is_decoder": false,
  "is_encoder_decoder": false,
  "label2id": {
    "LABEL_0": 0,
    "LABEL_1": 1,
    "LABEL_2": 2
  },
  "layer_norm_eps": 1e-12,
  "length_penalty": 1.0,
  "max_length": 20,
  "max_position_embeddings": 512,
  "min_length": 0,
  "model_type": "bert",
  "no_repeat_ngram_size": 0,
  "num_attention_heads": 12,
  "num_beams": 1,
  "num_hidden_layers": 12,
  "num_return_sequences": 1,
  "output_attentions": false,
  "output_hidden_states": false,
  "pad_token_id": 0,
  "prefix": null,
  "pruned_heads": {},
  "repetition_penalty": 1.0,
  "task_specific_params": null,
  "temperature": 1.0,
  "top_k": 50,
  "top_p": 1.0,
  "torchscript": false,
  "type_vocab_size": 2,
  "use_bfloat16": false,
  "use_cache": true,
  "vocab_size": 30522,
  "xla_device": null
}

05/28/2020 16:14:23 - INFO - __main__ -   Creating features from dataset file at ../../../hans
Traceback (most recent call last):
  File "./test_hans.py", line 648, in <module>
    main()
  File "./test_hans.py", line 637, in main
    result = evaluate(args, model, tokenizer, prefix=prefix)
  File "./test_hans.py", line 247, in evaluate
    eval_dataset, label_list = load_and_cache_examples(args, eval_task, tokenizer, evaluate=True)
  File "./test_hans.py", line 337, in load_and_cache_examples
    processor.get_dev_examples(args.data_dir) if evaluate else processor.get_train_examples(args.data_dir)
  File "/scratch/users/jmin10@jhu.edu/huggingface/transformers/examples/boolq/output/all_diff/boolq_copy_5/hans_processors.py", line 194, in get_dev_examples
    return self._create_examples(self._read_tsv(os.path.join(data_dir, "dev_matched.tsv")), "dev")
  File "/scratch/users/jmin10@jhu.edu/huggingface/transformers/examples/boolq/output/all_diff/boolq_copy_5/utils_hans.py", line 116, in _read_tsv
    with open(input_file, "r", encoding="utf-8-sig") as f:
FileNotFoundError: [Errno 2] No such file or directory: '../../../hans/dev_matched.tsv'
