05/28/2020 08:14:01 - WARNING - __main__ -   Process rank: -1, device: cuda, n_gpu: 1, distributed training: False, 16-bits training: False
05/28/2020 08:14:01 - INFO - transformers.configuration_utils -   loading configuration file ./boolq_save/config.json
05/28/2020 08:14:01 - INFO - transformers.configuration_utils -   Model config BertConfig {
  "_num_labels": 3,
  "architectures": [
    "BertForSequenceClassification"
  ],
  "attention_probs_dropout_prob": 0.1,
  "bad_words_ids": null,
  "bos_token_id": null,
  "decoder_start_token_id": null,
  "do_sample": false,
  "early_stopping": false,
  "eos_token_id": null,
  "finetuning_task": "hans",
  "hidden_act": "gelu",
  "hidden_dropout_prob": 0.1,
  "hidden_size": 768,
  "id2label": {
    "0": "LABEL_0",
    "1": "LABEL_1",
    "2": "LABEL_2"
  },
  "initializer_range": 0.02,
  "intermediate_size": 3072,
  "is_decoder": false,
  "is_encoder_decoder": false,
  "label2id": {
    "LABEL_0": 0,
    "LABEL_1": 1,
    "LABEL_2": 2
  },
  "layer_norm_eps": 1e-12,
  "length_penalty": 1.0,
  "max_length": 20,
  "max_position_embeddings": 512,
  "min_length": 0,
  "model_type": "bert",
  "no_repeat_ngram_size": 0,
  "num_attention_heads": 12,
  "num_beams": 1,
  "num_hidden_layers": 12,
  "num_return_sequences": 1,
  "output_attentions": false,
  "output_hidden_states": false,
  "pad_token_id": 0,
  "prefix": null,
  "pruned_heads": {},
  "repetition_penalty": 1.0,
  "task_specific_params": null,
  "temperature": 1.0,
  "top_k": 50,
  "top_p": 1.0,
  "torchscript": false,
  "type_vocab_size": 2,
  "use_bfloat16": false,
  "use_cache": true,
  "vocab_size": 30522,
  "xla_device": null
}

05/28/2020 08:14:01 - INFO - transformers.tokenization_utils -   Model name './boolq_save' not found in model shortcut name list (bert-base-uncased, bert-large-uncased, bert-base-cased, bert-large-cased, bert-base-multilingual-uncased, bert-base-multilingual-cased, bert-base-chinese, bert-base-german-cased, bert-large-uncased-whole-word-masking, bert-large-cased-whole-word-masking, bert-large-uncased-whole-word-masking-finetuned-squad, bert-large-cased-whole-word-masking-finetuned-squad, bert-base-cased-finetuned-mrpc, bert-base-german-dbmdz-cased, bert-base-german-dbmdz-uncased, bert-base-finnish-cased-v1, bert-base-finnish-uncased-v1, bert-base-dutch-cased). Assuming './boolq_save' is a path, a model identifier, or url to a directory containing tokenizer files.
05/28/2020 08:14:01 - INFO - transformers.tokenization_utils -   Didn't find file ./boolq_save/added_tokens.json. We won't load it.
05/28/2020 08:14:01 - INFO - transformers.tokenization_utils -   loading file ./boolq_save/vocab.txt
05/28/2020 08:14:01 - INFO - transformers.tokenization_utils -   loading file None
05/28/2020 08:14:01 - INFO - transformers.tokenization_utils -   loading file ./boolq_save/special_tokens_map.json
05/28/2020 08:14:01 - INFO - transformers.tokenization_utils -   loading file ./boolq_save/tokenizer_config.json
Traceback (most recent call last):
  File "./test_hans.py", line 647, in <module>
    main()
  File "./test_hans.py", line 576, in main
    model = model_class.from_pretrained(
  File "/home-2/jmin10@jhu.edu/.local/lib/python3.8/site-packages/transformers/modeling_utils.py", line 563, in from_pretrained
    raise EnvironmentError(
OSError: Error no file named ['pytorch_model.bin', 'tf_model.h5', 'model.ckpt.index'] found in directory ./boolq_save or `from_tf` set to False
